2025-11-25 22:05:20 - scraper_manager - INFO - ScraperManager initialized
2025-11-25 22:05:20 - scraper_manager - INFO - ============================================================
2025-11-25 22:05:20 - scraper_manager - INFO - Starting scrape job at 2025-11-25 22:05:20.217461
2025-11-25 22:05:20 - scraper_manager - INFO - ============================================================
2025-11-25 22:05:26 - scraper_manager - INFO - Scraped 452 total listings
2025-11-25 22:05:26 - scraper_manager - INFO - NEW: Dump truck - $70,299.00
2025-11-25 22:05:26 - scraper_manager - INFO - NEW: Mini Cooper S Countyman - $9,000.00
2025-11-25 22:05:26 - scraper_manager - INFO - NEW: 2023 CHEV 4X4 DIESEL MECHANICS CRANE TRUCK - $69,950.00
2025-11-25 22:05:26 - scraper_manager - INFO - NEW: 2008 jeep wrangler unlimited x - $13,999.00
2025-11-25 22:05:26 - scraper_manager - INFO - NEW: 2015 RAM 3500 REG CAB SERVICE BODY UTILITY BED WORK TRUCK WITH CRANE - $10,995.00
2025-11-25 22:05:26 - scraper_manager - INFO - NEW: 2016 Ford Transit Connect LWB (Long Wheel Base) Vans - $5,250.00
2025-11-25 22:05:26 - scraper_manager - INFO - NEW: 2022 Ford Expedition Max XLT 4WD Fully Loaded - $27,500.00
2025-11-25 22:05:26 - scraper_manager - INFO - NEW: 1995 Titan ARFT 4x4 Fire Truck ONLY 5K MILES - $0.00
2025-11-25 22:05:26 - scraper_manager - INFO - NEW: 2001 TOYOTA LAND CRUISER VX AWD - $10,895.00
2025-11-25 22:05:26 - scraper_manager - INFO - NEW: 2019 Subaru Crosstrek Premium 2.0 AWD - $13,250.00
2025-11-25 22:05:26 - scraper_manager - INFO - NEW: 2017 Lincoln Navigator - $19,999.00
2025-11-25 22:05:26 - scraper_manager - INFO - NEW: RARE!!! 2004 Jeep Wrangler Rubicon -Low Miles +25K Heavy-Duty Build - $32,300.00
2025-11-25 22:05:26 - scraper_manager - INFO - NEW: 1992 Land Rover Defender - $32,000.00
2025-11-25 22:05:26 - scraper_manager - INFO - NEW: Beautifull restored street legal drag race car from Southern California - $35,000.00
2025-11-25 22:05:26 - scraper_manager - INFO - NEW: '99 Jeep Cherokee 4WD - Factory RHD - 62K miles - Postal Mail Delivery - $11,900.00
2025-11-25 22:05:26 - scraper_manager - INFO - NEW: 2020 Ford F-150 F150 Lariat SuperCrew FX4 4WD 1-Owner CarFax NO RUST - $28,980.00
2025-11-25 22:05:26 - scraper_manager - INFO - NEW: 2019 Kia Forte-Excellent Condition - $10,000.00
2025-11-25 22:05:26 - scraper_manager - INFO - NEW: 2008 Nissan Sentra-Great Condition - $4,500.00
2025-11-25 22:05:26 - scraper_manager - INFO - NEW: 2003 Honda Accord LX-Excellent Condition - $4,500.00
2025-11-25 22:05:26 - scraper_manager - INFO - PRICE UP: 2025 Cadillac Escalade Sport Platinum SUV 4x4 4WD - $116,900.00 → $119,900.00 (+$3,000.00, +2.6%)
2025-11-25 22:05:26 - scraper_manager - INFO - PRICE DOWN: 2024 Ford F-350 Platinum Truck Diesel 4x4 4WD F350 - $88,900.00 → $84,900.00 ($-4,000.00, -4.5%)
2025-11-25 22:05:26 - scraper_manager - INFO - PRICE UP: 2020 Mercedes-Benz S-Class AMG S 63 Sedan AWD All Wheel Drive - $70,000.00 → $75,900.00 (+$5,900.00, +8.4%)
2025-11-25 22:05:26 - scraper_manager - INFO - PRICE DOWN: 2022 RAM 1500 Laramie Truck 4x4 4WD Dodge - $42,900.00 → $39,900.00 ($-3,000.00, -7.0%)
2025-11-25 22:05:26 - scraper_manager - INFO - PRICE DOWN: 2021 Jeep Grand Cherokee Trackhawk SUV 4x4 4WD - $84,900.00 → $79,900.00 ($-5,000.00, -5.9%)
2025-11-25 22:05:26 - scraper_manager - INFO - PRICE DOWN: 2021 RAM 3500 Limited Longhorn Truck Diesel 4x4 4WD Dodge - $61,900.00 → $59,900.00 ($-2,000.00, -3.2%)
2025-11-25 22:05:26 - scraper_manager - INFO - PRICE DOWN: 2012 Honda Accord - $2,250.00 → $1,975.00 ($-275.00, -12.2%)
2025-11-25 22:05:26 - scraper_manager - INFO - PRICE DOWN: Volvo S60 2012 - $6,800.00 → $6,200.00 ($-600.00, -8.8%)
2025-11-25 22:05:26 - scraper_manager - INFO - PRICE DOWN: 2013 F-350 PLATINUM - $22,000.00 → $19,500.00 ($-2,500.00, -11.4%)
2025-11-25 22:05:26 - scraper_manager - INFO - PRICE UP: 2003 Ford F550 Turbo Diesel ALTEC 37' Bucket Truck w/8K MILES - $40,000.00 → $45,000.00 (+$5,000.00, +12.5%)
2025-11-25 22:05:26 - scraper_manager - INFO - PRICE DOWN: 2012 Prius V, 148K, tinted windows - $8,400.00 → $8,200.00 ($-200.00, -2.4%)
2025-11-25 22:05:26 - scraper_manager - INFO - PRICE DOWN: 1996 Dodge Camper Van-AWESOME DEAL! - $14,500.00 → $12,500.00 ($-2,000.00, -13.8%)
2025-11-25 22:05:26 - scraper_manager - INFO - PRICE DOWN: 2015 Ford F-150 F150 SuperCrew Lariat EcoBoost.FX4 4WD CarFax NO RUST - $19,499.00 → $18,980.00 ($-519.00, -2.7%)
2025-11-25 22:05:26 - scraper_manager - INFO - Marked 35 listings as inactive
2025-11-25 22:05:26 - scraper_manager - INFO - ============================================================
2025-11-25 22:05:26 - scraper_manager - INFO - Scrape Complete!
2025-11-25 22:05:26 - scraper_manager - INFO -   Duration: 6.3 seconds
2025-11-25 22:05:26 - scraper_manager - INFO -   New listings: 19
2025-11-25 22:05:26 - scraper_manager - INFO -   Updated listings: 433
2025-11-25 22:05:26 - scraper_manager - INFO -   Price increases: 3
2025-11-25 22:05:26 - scraper_manager - INFO -   Price decreases: 10
2025-11-25 22:05:26 - scraper_manager - INFO - ============================================================
2025-11-25 22:05:26 - scraper_manager - INFO - 🔔 Checking for alert matches...
2025-11-25 22:05:26 - scraper_manager - INFO - No active alerts to check
2025-11-25 22:05:26 - scraper_manager - INFO - 
============================================================
2025-11-25 22:05:26 - scraper_manager - INFO - Database Statistics
2025-11-25 22:05:26 - scraper_manager - INFO - ============================================================
2025-11-25 22:05:26 - scraper_manager - INFO -   Total listings: 261
2025-11-25 22:05:26 - scraper_manager - INFO -   Active listings: 226
2025-11-25 22:05:26 - scraper_manager - INFO -   Inactive listings: 35
2025-11-25 22:05:26 - scraper_manager - INFO -   Price history records: 274
2025-11-25 22:05:26 - scraper_manager - INFO -   Listings with price changes: 1
2025-11-25 22:05:26 - scraper_manager - INFO - ============================================================

2025-11-25 22:05:26 - scraper_manager - INFO - Database connection closed
2025-11-25 22:45:58 - scraper_manager - INFO - ScraperManager initialized with Craigslist + KSL
2025-11-25 22:45:58 - scraper_manager - INFO - ============================================================
2025-11-25 22:45:58 - scraper_manager - INFO - Starting multi-source scrape at 2025-11-25 22:45:58.507688
2025-11-25 22:45:58 - scraper_manager - INFO - Sources: craigslist, ksl
2025-11-25 22:45:58 - scraper_manager - INFO - ============================================================
2025-11-25 22:45:58 - scraper_manager - INFO - 
🔍 Scraping from CRAIGSLIST...
2025-11-25 22:46:04 - scraper_manager - INFO - ✅ CRAIGSLIST: 452 listings scraped
2025-11-25 22:46:04 - scraper_manager - INFO - 
🔍 Scraping from KSL...
2025-11-25 22:46:12 - scraper_manager - INFO - ✅ KSL: 0 listings scraped
2025-11-25 22:46:12 - scraper_manager - INFO - 
📊 Total listings scraped: 452
2025-11-25 22:46:12 - scraper_manager - INFO -    - CRAIGSLIST: 452 listings
2025-11-25 22:46:12 - scraper_manager - INFO -    - KSL: 0 listings
2025-11-25 22:46:12 - scraper_manager - INFO - Marked 35 listings as inactive
2025-11-25 22:46:12 - scraper_manager - INFO - ============================================================
2025-11-25 22:46:12 - scraper_manager - INFO - Scrape Complete!
2025-11-25 22:46:12 - scraper_manager - INFO -   Duration: 13.7 seconds
2025-11-25 22:46:12 - scraper_manager - INFO -   New listings: 0
2025-11-25 22:46:12 - scraper_manager - INFO -   Updated listings: 452
2025-11-25 22:46:12 - scraper_manager - INFO -   Price increases: 0
2025-11-25 22:46:12 - scraper_manager - INFO -   Price decreases: 0
2025-11-25 22:46:12 - scraper_manager - INFO - ============================================================
2025-11-25 22:46:12 - scraper_manager - INFO - 🔔 Checking for alert matches...
2025-11-25 22:46:12 - scraper_manager - INFO - No active alerts to check
2025-11-25 22:46:12 - scraper_manager - INFO - 
============================================================
2025-11-25 22:46:12 - scraper_manager - INFO - Database Statistics
2025-11-25 22:46:12 - scraper_manager - INFO - ============================================================
2025-11-25 22:46:12 - scraper_manager - INFO -   Total listings: 261
2025-11-25 22:46:12 - scraper_manager - INFO -   Active listings: 226
2025-11-25 22:46:12 - scraper_manager - INFO -   Inactive listings: 35
2025-11-25 22:46:12 - scraper_manager - INFO -   Price history records: 274
2025-11-25 22:46:12 - scraper_manager - INFO -   Listings with price changes: 1
2025-11-25 22:46:12 - scraper_manager - INFO - 
  By Source:
2025-11-25 22:46:12 - scraper_manager - INFO -     - CRAIGSLIST: 226 listings
2025-11-25 22:46:12 - scraper_manager - INFO - ============================================================

2025-11-25 22:46:12 - scraper_manager - INFO - Database connection closed
2025-11-25 22:48:23 - scraper_manager - INFO - ScraperManager initialized with Craigslist + KSL
2025-11-25 22:48:23 - scraper_manager - INFO - ============================================================
2025-11-25 22:48:23 - scraper_manager - INFO - Starting multi-source scrape at 2025-11-25 22:48:23.588497
2025-11-25 22:48:23 - scraper_manager - INFO - Sources: craigslist, ksl
2025-11-25 22:48:23 - scraper_manager - INFO - ============================================================
2025-11-25 22:48:23 - scraper_manager - INFO - 
🔍 Scraping from CRAIGSLIST...
2025-11-25 22:48:29 - scraper_manager - INFO - ✅ CRAIGSLIST: 452 listings scraped
2025-11-25 22:48:29 - scraper_manager - INFO - 
🔍 Scraping from KSL...
2025-11-25 22:48:37 - scraper_manager - INFO - ✅ KSL: 0 listings scraped
2025-11-25 22:48:37 - scraper_manager - INFO - 
📊 Total listings scraped: 452
2025-11-25 22:48:37 - scraper_manager - INFO -    - CRAIGSLIST: 452 listings
2025-11-25 22:48:37 - scraper_manager - INFO -    - KSL: 0 listings
2025-11-25 22:48:38 - scraper_manager - INFO - Marked 35 listings as inactive
2025-11-25 22:48:38 - scraper_manager - INFO - ============================================================
2025-11-25 22:48:38 - scraper_manager - INFO - Scrape Complete!
2025-11-25 22:48:38 - scraper_manager - INFO -   Duration: 14.5 seconds
2025-11-25 22:48:38 - scraper_manager - INFO -   New listings: 0
2025-11-25 22:48:38 - scraper_manager - INFO -   Updated listings: 452
2025-11-25 22:48:38 - scraper_manager - INFO -   Price increases: 0
2025-11-25 22:48:38 - scraper_manager - INFO -   Price decreases: 0
2025-11-25 22:48:38 - scraper_manager - INFO - ============================================================
2025-11-25 22:48:38 - scraper_manager - INFO - 🔔 Checking for alert matches...
2025-11-25 22:48:38 - scraper_manager - INFO - No active alerts to check
2025-11-25 22:48:38 - scraper_manager - INFO - 
============================================================
2025-11-25 22:48:38 - scraper_manager - INFO - Database Statistics
2025-11-25 22:48:38 - scraper_manager - INFO - ============================================================
2025-11-25 22:48:38 - scraper_manager - INFO -   Total listings: 261
2025-11-25 22:48:38 - scraper_manager - INFO -   Active listings: 226
2025-11-25 22:48:38 - scraper_manager - INFO -   Inactive listings: 35
2025-11-25 22:48:38 - scraper_manager - INFO -   Price history records: 274
2025-11-25 22:48:38 - scraper_manager - INFO -   Listings with price changes: 1
2025-11-25 22:48:38 - scraper_manager - INFO - 
  By Source:
2025-11-25 22:48:38 - scraper_manager - INFO -     - CRAIGSLIST: 226 listings
2025-11-25 22:48:38 - scraper_manager - INFO - ============================================================

2025-11-25 22:48:38 - scraper_manager - INFO - Database connection closed
